Using pre-set license
Built from '2020.3/staging' branch; Version is '2020.3.25f1 (9b9180224418) revision 10195328'; Using compiler version '192528614'; Build Type 'Release'
OS: 'Windows 10  (10.0.19042) 64bit Professional' Language: 'pt' Physical Memory: 32580 MB
BatchMode: 1, IsHumanControllingUs: 0, StartBugReporterOnCrash: 0, Is64bit: 1, IsPro: 0

COMMAND LINE ARGUMENTS:
D:\Unity\2020.3.25f1\Editor\Unity.exe
-adb2
-batchMode
-noUpm
-name
AssetImportWorker0
-projectPath
D:/Personal/UNInput
-logFile
Logs/AssetImportWorker0.log
-srvPort
2070
Successfully changed project path to: D:/Personal/UNInput
D:/Personal/UNInput
Using Asset Import Pipeline V2.
Refreshing native plugins compatible for Editor in 38.10 ms, found 2 plugins.
Preloading 0 native plugins for Editor in 0.00 ms.
Initialize engine version: 2020.3.25f1 (9b9180224418)
[Subsystems] Discovering subsystems at path D:/Unity/2020.3.25f1/Editor/Data/Resources/UnitySubsystems
[Subsystems] Discovering subsystems at path D:/Personal/UNInput/Assets
GfxDevice: creating device client; threaded=0
Direct3D:
    Version:  Direct3D 11.0 [level 11.1]
    Renderer: NVIDIA GeForce RTX 2060 (ID=0x1f11)
    Vendor:   
    VRAM:     5980 MB
    Driver:   30.0.15.1165
Initialize mono
Mono path[0] = 'D:/Unity/2020.3.25f1/Editor/Data/Managed'
Mono path[1] = 'D:/Unity/2020.3.25f1/Editor/Data/MonoBleedingEdge/lib/mono/unityjit'
Mono config path = 'D:/Unity/2020.3.25f1/Editor/Data/MonoBleedingEdge/etc'
Using monoOptions --debugger-agent=transport=dt_socket,embedding=1,server=y,suspend=n,address=127.0.0.1:56572
Begin MonoManager ReloadAssembly
Registering precompiled unity dll's ...
Register platform support module: D:/Unity/2020.3.25f1/Editor/Data/PlaybackEngines/WindowsStandaloneSupport/UnityEditor.WindowsStandalone.Extensions.dll
Registered in 0.001450 seconds.
Native extension for WindowsStandalone target not found
Refreshing native plugins compatible for Editor in 40.31 ms, found 2 plugins.
Preloading 0 native plugins for Editor in 0.00 ms.
Mono: successfully reloaded assembly
- Completed reload, in  0.596 seconds
Domain Reload Profiling:
	ReloadAssembly (596ms)
		BeginReloadAssembly (76ms)
			ExecutionOrderSort (0ms)
			DisableScriptedObjects (0ms)
			BackupInstance (0ms)
			ReleaseScriptingObjects (0ms)
			CreateAndSetChildDomain (1ms)
		EndReloadAssembly (455ms)
			LoadAssemblies (76ms)
			RebuildTransferFunctionScriptingTraits (0ms)
			SetupTypeCache (143ms)
			ReleaseScriptCaches (0ms)
			RebuildScriptCaches (40ms)
			SetupLoadedEditorAssemblies (176ms)
				LogAssemblyErrors (0ms)
				InitializePlatformSupportModulesInManaged (4ms)
				SetLoadedEditorAssemblies (0ms)
				RefreshPlugins (40ms)
				BeforeProcessingInitializeOnLoad (13ms)
				ProcessInitializeOnLoadAttributes (91ms)
				ProcessInitializeOnLoadMethodAttributes (28ms)
				AfterProcessingInitializeOnLoad (0ms)
				EditorAssembliesLoaded (0ms)
			ExecutionOrderSort2 (0ms)
			AwakeInstancesAfterBackupRestoration (0ms)
Platform modules already initialized, skipping
Registering precompiled user dll's ...
Registered in 0.006213 seconds.
Begin MonoManager ReloadAssembly
Native extension for WindowsStandalone target not found
Refreshing native plugins compatible for Editor in 0.36 ms, found 2 plugins.
Preloading 0 native plugins for Editor in 0.00 ms.
Mono: successfully reloaded assembly
- Completed reload, in  1.021 seconds
Domain Reload Profiling:
	ReloadAssembly (1022ms)
		BeginReloadAssembly (165ms)
			ExecutionOrderSort (0ms)
			DisableScriptedObjects (4ms)
			BackupInstance (0ms)
			ReleaseScriptingObjects (0ms)
			CreateAndSetChildDomain (18ms)
		EndReloadAssembly (800ms)
			LoadAssemblies (115ms)
			RebuildTransferFunctionScriptingTraits (0ms)
			SetupTypeCache (270ms)
			ReleaseScriptCaches (0ms)
			RebuildScriptCaches (46ms)
			SetupLoadedEditorAssemblies (306ms)
				LogAssemblyErrors (0ms)
				InitializePlatformSupportModulesInManaged (4ms)
				SetLoadedEditorAssemblies (0ms)
				RefreshPlugins (0ms)
				BeforeProcessingInitializeOnLoad (94ms)
				ProcessInitializeOnLoadAttributes (196ms)
				ProcessInitializeOnLoadMethodAttributes (9ms)
				AfterProcessingInitializeOnLoad (2ms)
				EditorAssembliesLoaded (0ms)
			ExecutionOrderSort2 (0ms)
			AwakeInstancesAfterBackupRestoration (6ms)
Platform modules already initialized, skipping
========================================================================
Worker process is ready to serve import requests
Launched and connected shader compiler UnityShaderCompiler.exe after 0.06 seconds
Refreshing native plugins compatible for Editor in 0.40 ms, found 2 plugins.
Preloading 0 native plugins for Editor in 0.00 ms.
Unloading 1536 Unused Serialized files (Serialized files now loaded: 0)
System memory in use before: 69.8 MB.
System memory in use after: 69.9 MB.

Unloading 20 unused Assets to reduce memory usage. Loaded Objects now: 1967.
Total: 2.545700 ms (FindLiveObjects: 0.142500 ms CreateObjectMapping: 0.063400 ms MarkObjects: 2.280600 ms  DeleteObjects: 0.058500 ms)

AssetImportParameters requested are different than current active one (requested -> active):
  custom:framework-win-MediaFoundation: 216162199b28c13a410421893ffa2e32 -> 
  custom:video-decoder-ogg-theora: a1e56fd34408186e4bbccfd4996cb3dc -> 
  custom:container-muxer-webm: aa71ff27fc2769a1b78a27578f13a17b -> 
  custom:container-demuxer-webm: 4f35f7cbe854078d1ac9338744f61a02 -> 
  custom:container-demuxer-ogg: 62fdf1f143b41e24485cea50d1cbac27 -> 
  custom:video-encoder-webm-vp8: eb34c28f22e8b96e1ab97ce403110664 -> 
  custom:video-codec-MediaFoundation-h265: 746d11721c4dcdbdad8f713fa42b33f4 -> 
  custom:video-decoder-webm-vp8: 9c59270c3fd7afecdb556c50c9e8de78 -> 
  custom:audio-decoder-ogg-vorbis: bf7c407c2cedff20999df2af8eb42d56 -> 
  custom:audio-encoder-webm-vorbis: bf7c407c2cedff20999df2af8eb42d56 -> 
========================================================================
Received Import Request.
  path: Assets/UNInput/Plugins
  artifactKey: Guid(f5a7ae007f3357f4eb1c8d6ab3c82eb1) Importer(815301076,1909f56bfc062723c751e8b465ee728b)
Start importing Assets/UNInput/Plugins using Guid(f5a7ae007f3357f4eb1c8d6ab3c82eb1) Importer(815301076,1909f56bfc062723c751e8b465ee728b)  -> (artifact id: '12ad2479180079bf4212085222d1a1cc') in 0.005616 seconds 
  Import took 0.007997 seconds .

========================================================================
Received Import Request.
  Time since last request: 17.514274 seconds.
  path: Assets/UNInput/Plugins/NUNet/README.txt
  artifactKey: Guid(6254c29d9235f254abb07c21dc71c415) Importer(815301076,1909f56bfc062723c751e8b465ee728b)
Start importing Assets/UNInput/Plugins/NUNet/README.txt using Guid(6254c29d9235f254abb07c21dc71c415) Importer(815301076,1909f56bfc062723c751e8b465ee728b)  -> (artifact id: 'c9fbc098d33d531ad9a589f1425b3a9a') in 0.030414 seconds 
  Import took 0.032728 seconds .

========================================================================
Received Import Request.
  Time since last request: 14.438190 seconds.
  path: Assets/UNInput/Plugins/UNInput.asmdef
  artifactKey: Guid(40e77ebf85a63074592d3b1301bc4466) Importer(815301076,1909f56bfc062723c751e8b465ee728b)
Start importing Assets/UNInput/Plugins/UNInput.asmdef using Guid(40e77ebf85a63074592d3b1301bc4466) Importer(815301076,1909f56bfc062723c751e8b465ee728b)  -> (artifact id: '0872ba6c97647858e432e9370769d5a5') in 0.008190 seconds 
  Import took 0.010828 seconds .

========================================================================
Received Import Request.
  Time since last request: 4.592107 seconds.
  path: Assets/UNInput/Examples
  artifactKey: Guid(e7d15152211bb604e8305a5fddb5244a) Importer(815301076,1909f56bfc062723c751e8b465ee728b)
Start importing Assets/UNInput/Examples using Guid(e7d15152211bb604e8305a5fddb5244a) Importer(815301076,1909f56bfc062723c751e8b465ee728b)  -> (artifact id: '3dd1a051a770bd3959b64ea5195b52cc') in 0.005149 seconds 
  Import took 0.008386 seconds .

========================================================================
Received Prepare
Registering precompiled user dll's ...
Registered in 0.006356 seconds.
Begin MonoManager ReloadAssembly
Native extension for WindowsStandalone target not found
Refreshing native plugins compatible for Editor in 0.36 ms, found 2 plugins.
Preloading 0 native plugins for Editor in 0.00 ms.
Mono: successfully reloaded assembly
- Completed reload, in  0.996 seconds
Domain Reload Profiling:
	ReloadAssembly (997ms)
		BeginReloadAssembly (145ms)
			ExecutionOrderSort (0ms)
			DisableScriptedObjects (5ms)
			BackupInstance (0ms)
			ReleaseScriptingObjects (0ms)
			CreateAndSetChildDomain (34ms)
		EndReloadAssembly (788ms)
			LoadAssemblies (130ms)
			RebuildTransferFunctionScriptingTraits (0ms)
			SetupTypeCache (275ms)
			ReleaseScriptCaches (1ms)
			RebuildScriptCaches (41ms)
			SetupLoadedEditorAssemblies (276ms)
				LogAssemblyErrors (0ms)
				InitializePlatformSupportModulesInManaged (4ms)
				SetLoadedEditorAssemblies (0ms)
				RefreshPlugins (0ms)
				BeforeProcessingInitializeOnLoad (81ms)
				ProcessInitializeOnLoadAttributes (179ms)
				ProcessInitializeOnLoadMethodAttributes (9ms)
				AfterProcessingInitializeOnLoad (2ms)
				EditorAssembliesLoaded (0ms)
			ExecutionOrderSort2 (0ms)
			AwakeInstancesAfterBackupRestoration (7ms)
Platform modules already initialized, skipping
Refreshing native plugins compatible for Editor in 0.39 ms, found 2 plugins.
Preloading 0 native plugins for Editor in 0.00 ms.
Unloading 1530 Unused Serialized files (Serialized files now loaded: 0)
System memory in use before: 69.7 MB.
System memory in use after: 69.8 MB.

Unloading 15 unused Assets to reduce memory usage. Loaded Objects now: 1969.
Total: 2.444600 ms (FindLiveObjects: 0.121800 ms CreateObjectMapping: 0.042500 ms MarkObjects: 2.265300 ms  DeleteObjects: 0.014300 ms)

AssetImportParameters requested are different than current active one (requested -> active):
  custom:framework-win-MediaFoundation: 216162199b28c13a410421893ffa2e32 -> 
  custom:video-decoder-ogg-theora: a1e56fd34408186e4bbccfd4996cb3dc -> 
  custom:container-muxer-webm: aa71ff27fc2769a1b78a27578f13a17b -> 
  custom:container-demuxer-webm: 4f35f7cbe854078d1ac9338744f61a02 -> 
  custom:container-demuxer-ogg: 62fdf1f143b41e24485cea50d1cbac27 -> 
  custom:video-encoder-webm-vp8: eb34c28f22e8b96e1ab97ce403110664 -> 
  custom:video-codec-MediaFoundation-h265: 746d11721c4dcdbdad8f713fa42b33f4 -> 
  custom:video-decoder-webm-vp8: 9c59270c3fd7afecdb556c50c9e8de78 -> 
  custom:audio-decoder-ogg-vorbis: bf7c407c2cedff20999df2af8eb42d56 -> 
  custom:audio-encoder-webm-vorbis: bf7c407c2cedff20999df2af8eb42d56 -> 
========================================================================
Received Import Request.
  Time since last request: 4.821106 seconds.
  path: Assets/UNInput/Examples/Mobile App/Prefabs
  artifactKey: Guid(e46492f9dcd82554dae73920a2cc3f94) Importer(815301076,1909f56bfc062723c751e8b465ee728b)
Start importing Assets/UNInput/Examples/Mobile App/Prefabs using Guid(e46492f9dcd82554dae73920a2cc3f94) Importer(815301076,1909f56bfc062723c751e8b465ee728b)  -> (artifact id: '585f09d5793460fd91ba757b98c723c2') in 0.006744 seconds 
  Import took 0.009026 seconds .

========================================================================
Received Import Request.
  Time since last request: 0.252318 seconds.
  path: Assets/UNInput/Examples/Mobile App
  artifactKey: Guid(22bb3980684b7ba428781422f6b7f2d0) Importer(815301076,1909f56bfc062723c751e8b465ee728b)
Start importing Assets/UNInput/Examples/Mobile App using Guid(22bb3980684b7ba428781422f6b7f2d0) Importer(815301076,1909f56bfc062723c751e8b465ee728b)  -> (artifact id: '9c9a1f30f354e0a097d08440cf84e0e3') in 0.003726 seconds 
  Import took 0.006255 seconds .

========================================================================
Received Import Request.
  Time since last request: 11.266757 seconds.
  path: Assets/UNInput/Examples/UNInput.Examples.asmdef
  artifactKey: Guid(f6dc2e938106c1f4b9fa6aadfdb834d6) Importer(815301076,1909f56bfc062723c751e8b465ee728b)
Start importing Assets/UNInput/Examples/UNInput.Examples.asmdef using Guid(f6dc2e938106c1f4b9fa6aadfdb834d6) Importer(815301076,1909f56bfc062723c751e8b465ee728b)  -> (artifact id: '574d2bcfbf6bb1b4312e6e11c77d5c90') in 0.017506 seconds 
  Import took 0.021545 seconds .

========================================================================
Received Import Request.
  Time since last request: 8.987581 seconds.
  path: Assets/UNInput/Examples/UNInput.Examples.asmdef
  artifactKey: Guid(f6dc2e938106c1f4b9fa6aadfdb834d6) Importer(815301076,1909f56bfc062723c751e8b465ee728b)
Start importing Assets/UNInput/Examples/UNInput.Examples.asmdef using Guid(f6dc2e938106c1f4b9fa6aadfdb834d6) Importer(815301076,1909f56bfc062723c751e8b465ee728b)  -> (artifact id: '2de6cf53deaf35f9ea9e2ef6cb17a8d5') in 0.004037 seconds 
  Import took 0.007737 seconds .

========================================================================
Received Prepare
Registering precompiled user dll's ...
Registered in 0.005717 seconds.
Begin MonoManager ReloadAssembly
Native extension for WindowsStandalone target not found
Refreshing native plugins compatible for Editor in 0.36 ms, found 2 plugins.
Preloading 0 native plugins for Editor in 0.00 ms.
Mono: successfully reloaded assembly
- Completed reload, in  0.960 seconds
Domain Reload Profiling:
	ReloadAssembly (961ms)
		BeginReloadAssembly (132ms)
			ExecutionOrderSort (0ms)
			DisableScriptedObjects (5ms)
			BackupInstance (0ms)
			ReleaseScriptingObjects (0ms)
			CreateAndSetChildDomain (29ms)
		EndReloadAssembly (768ms)
			LoadAssemblies (116ms)
			RebuildTransferFunctionScriptingTraits (0ms)
			SetupTypeCache (277ms)
			ReleaseScriptCaches (1ms)
			RebuildScriptCaches (42ms)
			SetupLoadedEditorAssemblies (275ms)
				LogAssemblyErrors (0ms)
				InitializePlatformSupportModulesInManaged (4ms)
				SetLoadedEditorAssemblies (0ms)
				RefreshPlugins (0ms)
				BeforeProcessingInitializeOnLoad (79ms)
				ProcessInitializeOnLoadAttributes (179ms)
				ProcessInitializeOnLoadMethodAttributes (9ms)
				AfterProcessingInitializeOnLoad (2ms)
				EditorAssembliesLoaded (0ms)
			ExecutionOrderSort2 (0ms)
			AwakeInstancesAfterBackupRestoration (6ms)
Platform modules already initialized, skipping
Refreshing native plugins compatible for Editor in 0.36 ms, found 2 plugins.
Preloading 0 native plugins for Editor in 0.00 ms.
Unloading 1530 Unused Serialized files (Serialized files now loaded: 0)
System memory in use before: 69.7 MB.
System memory in use after: 69.8 MB.

Unloading 15 unused Assets to reduce memory usage. Loaded Objects now: 1971.
Total: 2.480400 ms (FindLiveObjects: 0.113000 ms CreateObjectMapping: 0.045100 ms MarkObjects: 2.308100 ms  DeleteObjects: 0.013500 ms)

AssetImportParameters requested are different than current active one (requested -> active):
  custom:framework-win-MediaFoundation: 216162199b28c13a410421893ffa2e32 -> 
  custom:video-decoder-ogg-theora: a1e56fd34408186e4bbccfd4996cb3dc -> 
  custom:container-muxer-webm: aa71ff27fc2769a1b78a27578f13a17b -> 
  custom:container-demuxer-webm: 4f35f7cbe854078d1ac9338744f61a02 -> 
  custom:container-demuxer-ogg: 62fdf1f143b41e24485cea50d1cbac27 -> 
  custom:video-encoder-webm-vp8: eb34c28f22e8b96e1ab97ce403110664 -> 
  custom:video-codec-MediaFoundation-h265: 746d11721c4dcdbdad8f713fa42b33f4 -> 
  custom:video-decoder-webm-vp8: 9c59270c3fd7afecdb556c50c9e8de78 -> 
  custom:audio-decoder-ogg-vorbis: bf7c407c2cedff20999df2af8eb42d56 -> 
  custom:audio-encoder-webm-vorbis: bf7c407c2cedff20999df2af8eb42d56 -> 
========================================================================
Received Import Request.
  Time since last request: 5.110735 seconds.
  path: Assets/UNInput/Plugins/Editor
  artifactKey: Guid(59178ca5ebd836640a322b253366fc75) Importer(815301076,1909f56bfc062723c751e8b465ee728b)
Start importing Assets/UNInput/Plugins/Editor using Guid(59178ca5ebd836640a322b253366fc75) Importer(815301076,1909f56bfc062723c751e8b465ee728b)  -> (artifact id: 'de58e4055d579c18a34ff80b0591888e') in 0.005266 seconds 
  Import took 0.007411 seconds .

========================================================================
Received Import Request.
  Time since last request: 8.162147 seconds.
  path: Assets/UNInput/Plugins/Editor/UNInput.Editor.asmdef
  artifactKey: Guid(85e6e479a8b49c9498a5ab11cdbbca2a) Importer(815301076,1909f56bfc062723c751e8b465ee728b)
Start importing Assets/UNInput/Plugins/Editor/UNInput.Editor.asmdef using Guid(85e6e479a8b49c9498a5ab11cdbbca2a) Importer(815301076,1909f56bfc062723c751e8b465ee728b)  -> (artifact id: '806d8db73043285c2be8080a1e609cc5') in 0.003819 seconds 
  Import took 0.006561 seconds .

========================================================================
Received Import Request.
  Time since last request: 11.668739 seconds.
  path: Assets/UNInput/Plugins/Editor/UNInput.Editor.asmdef
  artifactKey: Guid(85e6e479a8b49c9498a5ab11cdbbca2a) Importer(815301076,1909f56bfc062723c751e8b465ee728b)
Start importing Assets/UNInput/Plugins/Editor/UNInput.Editor.asmdef using Guid(85e6e479a8b49c9498a5ab11cdbbca2a) Importer(815301076,1909f56bfc062723c751e8b465ee728b)  -> (artifact id: '8d5a382058d4c362dd3bae7c3c47748d') in 0.005482 seconds 
  Import took 0.009530 seconds .

========================================================================
Received Import Request.
  Time since last request: 7.047296 seconds.
  path: Assets/UNInput/Plugins/Editor/UNInput.Editor.asmdef
  artifactKey: Guid(85e6e479a8b49c9498a5ab11cdbbca2a) Importer(815301076,1909f56bfc062723c751e8b465ee728b)
Start importing Assets/UNInput/Plugins/Editor/UNInput.Editor.asmdef using Guid(85e6e479a8b49c9498a5ab11cdbbca2a) Importer(815301076,1909f56bfc062723c751e8b465ee728b)  -> (artifact id: '5fb6f252b999ea160b46cd30ffab2929') in 0.003335 seconds 
  Import took 0.006622 seconds .

========================================================================
Received Prepare
Registering precompiled user dll's ...
Registered in 0.005865 seconds.
Begin MonoManager ReloadAssembly
Native extension for WindowsStandalone target not found
Refreshing native plugins compatible for Editor in 0.39 ms, found 2 plugins.
Preloading 0 native plugins for Editor in 0.00 ms.
Mono: successfully reloaded assembly
- Completed reload, in  0.945 seconds
Domain Reload Profiling:
	ReloadAssembly (945ms)
		BeginReloadAssembly (139ms)
			ExecutionOrderSort (0ms)
			DisableScriptedObjects (5ms)
			BackupInstance (0ms)
			ReleaseScriptingObjects (0ms)
			CreateAndSetChildDomain (31ms)
		EndReloadAssembly (752ms)
			LoadAssemblies (118ms)
			RebuildTransferFunctionScriptingTraits (0ms)
			SetupTypeCache (263ms)
			ReleaseScriptCaches (1ms)
			RebuildScriptCaches (42ms)
			SetupLoadedEditorAssemblies (274ms)
				LogAssemblyErrors (0ms)
				InitializePlatformSupportModulesInManaged (4ms)
				SetLoadedEditorAssemblies (0ms)
				RefreshPlugins (0ms)
				BeforeProcessingInitializeOnLoad (81ms)
				ProcessInitializeOnLoadAttributes (176ms)
				ProcessInitializeOnLoadMethodAttributes (9ms)
				AfterProcessingInitializeOnLoad (2ms)
				EditorAssembliesLoaded (0ms)
			ExecutionOrderSort2 (0ms)
			AwakeInstancesAfterBackupRestoration (6ms)
Platform modules already initialized, skipping
Refreshing native plugins compatible for Editor in 0.35 ms, found 2 plugins.
Preloading 0 native plugins for Editor in 0.00 ms.
Unloading 1530 Unused Serialized files (Serialized files now loaded: 0)
System memory in use before: 69.7 MB.
System memory in use after: 69.8 MB.

Unloading 15 unused Assets to reduce memory usage. Loaded Objects now: 1973.
Total: 2.382100 ms (FindLiveObjects: 0.111200 ms CreateObjectMapping: 0.043400 ms MarkObjects: 2.209500 ms  DeleteObjects: 0.017000 ms)

AssetImportParameters requested are different than current active one (requested -> active):
  custom:framework-win-MediaFoundation: 216162199b28c13a410421893ffa2e32 -> 
  custom:video-decoder-ogg-theora: a1e56fd34408186e4bbccfd4996cb3dc -> 
  custom:container-muxer-webm: aa71ff27fc2769a1b78a27578f13a17b -> 
  custom:container-demuxer-webm: 4f35f7cbe854078d1ac9338744f61a02 -> 
  custom:container-demuxer-ogg: 62fdf1f143b41e24485cea50d1cbac27 -> 
  custom:video-encoder-webm-vp8: eb34c28f22e8b96e1ab97ce403110664 -> 
  custom:video-codec-MediaFoundation-h265: 746d11721c4dcdbdad8f713fa42b33f4 -> 
  custom:video-decoder-webm-vp8: 9c59270c3fd7afecdb556c50c9e8de78 -> 
  custom:audio-decoder-ogg-vorbis: bf7c407c2cedff20999df2af8eb42d56 -> 
  custom:audio-encoder-webm-vorbis: bf7c407c2cedff20999df2af8eb42d56 -> 
========================================================================
Received Import Request.
  Time since last request: 9.415335 seconds.
  path: Assets/Resources
  artifactKey: Guid(a6cd870c9720dd349bee8d67aecc43cd) Importer(815301076,1909f56bfc062723c751e8b465ee728b)
Start importing Assets/Resources using Guid(a6cd870c9720dd349bee8d67aecc43cd) Importer(815301076,1909f56bfc062723c751e8b465ee728b)  -> (artifact id: '2afbfb6a6bdd1f59da0a96af42ce2546') in 0.006729 seconds 
  Import took 0.009148 seconds .

========================================================================
Received Import Request.
  Time since last request: 0.546920 seconds.
  path: Assets/Resources/Bundles
  artifactKey: Guid(5724bfa1e8b2bd44fa9d27a4d043c451) Importer(815301076,1909f56bfc062723c751e8b465ee728b)
Start importing Assets/Resources/Bundles using Guid(5724bfa1e8b2bd44fa9d27a4d043c451) Importer(815301076,1909f56bfc062723c751e8b465ee728b)  -> (artifact id: '5aeeb169ddcff4331265dedc96b9f37e') in 0.006162 seconds 
  Import took 0.008577 seconds .

========================================================================
Received Import Request.
  Time since last request: 0.543183 seconds.
  path: Assets/Resources/UNServerPrefs.asset
  artifactKey: Guid(001a7b21ae2befb4282534dd9e73c1e4) Importer(815301076,1909f56bfc062723c751e8b465ee728b)
Start importing Assets/Resources/UNServerPrefs.asset using Guid(001a7b21ae2befb4282534dd9e73c1e4) Importer(815301076,1909f56bfc062723c751e8b465ee728b)  -> (artifact id: '0e564158211db8fb5740200f64778f58') in 0.032937 seconds 
  Import took 0.035493 seconds .

========================================================================
Received Import Request.
  Time since last request: 2.659944 seconds.
  path: Assets/Plugins
  artifactKey: Guid(c3ccd218d68c3b64e81e58b6ea6acbe5) Importer(815301076,1909f56bfc062723c751e8b465ee728b)
Start importing Assets/Plugins using Guid(c3ccd218d68c3b64e81e58b6ea6acbe5) Importer(815301076,1909f56bfc062723c751e8b465ee728b)  -> (artifact id: 'd5590e9444e10450d3b209dbbd3ce451') in 0.005675 seconds 
  Import took 0.008052 seconds .

========================================================================
Received Import Request.
  Time since last request: 1.496025 seconds.
  path: Assets/UNInput
  artifactKey: Guid(787d7fd169442114bb5a6a1940e2e145) Importer(815301076,1909f56bfc062723c751e8b465ee728b)
Start importing Assets/UNInput using Guid(787d7fd169442114bb5a6a1940e2e145) Importer(815301076,1909f56bfc062723c751e8b465ee728b)  -> (artifact id: 'bf91a1a2999fa1f8e3dc6a7f8b690e27') in 0.005690 seconds 
  Import took 0.007935 seconds .

========================================================================
Received Import Request.
  Time since last request: 1.258691 seconds.
  path: Assets/UNInput/Examples/Server
  artifactKey: Guid(7ccc80efa2ea83d40bb4cd380fb70fdb) Importer(815301076,1909f56bfc062723c751e8b465ee728b)
Start importing Assets/UNInput/Examples/Server using Guid(7ccc80efa2ea83d40bb4cd380fb70fdb) Importer(815301076,1909f56bfc062723c751e8b465ee728b)  -> (artifact id: '64419e0829b49bf282a4e1c10b447dd2') in 0.003831 seconds 
  Import took 0.006134 seconds .

========================================================================
Received Import Request.
  Time since last request: 1.541901 seconds.
  path: Assets/UNInput/Examples/Mobile App/Font
  artifactKey: Guid(1e3b5da388b7d3740b81cf9d0dff7115) Importer(815301076,1909f56bfc062723c751e8b465ee728b)
Start importing Assets/UNInput/Examples/Mobile App/Font using Guid(1e3b5da388b7d3740b81cf9d0dff7115) Importer(815301076,1909f56bfc062723c751e8b465ee728b)  -> (artifact id: 'bc69f0deace686ec79390ce8d5c1f47a') in 0.003564 seconds 
  Import took 0.006065 seconds .

========================================================================
Received Import Request.
  Time since last request: 0.424838 seconds.
  path: Assets/UNInput/Examples/Mobile App/Prefabs/Scripts
  artifactKey: Guid(aa008dd94f0820c4f8cdfe58abd8a437) Importer(815301076,1909f56bfc062723c751e8b465ee728b)
Start importing Assets/UNInput/Examples/Mobile App/Prefabs/Scripts using Guid(aa008dd94f0820c4f8cdfe58abd8a437) Importer(815301076,1909f56bfc062723c751e8b465ee728b)  -> (artifact id: '83671ed5b5835e01e34d590c739bc102') in 0.003611 seconds 
  Import took 0.005999 seconds .

========================================================================
Received Import Request.
  Time since last request: 91.280438 seconds.
  path: Assets/UNInput/UNInput Manual.docx
  artifactKey: Guid(6095fcfca5c544e43a68359a20053201) Importer(815301076,1909f56bfc062723c751e8b465ee728b)
Start importing Assets/UNInput/UNInput Manual.docx using Guid(6095fcfca5c544e43a68359a20053201) Importer(815301076,1909f56bfc062723c751e8b465ee728b)  -> (artifact id: '8fea83152d7e3ab456e8e98b94c31485') in 0.006603 seconds 
  Import took 0.009073 seconds .

========================================================================
Received Import Request.
  Time since last request: 0.735249 seconds.
  path: Assets/UNInput/UNInput Manual.pdf
  artifactKey: Guid(f0613360e81601142b758f9b6eac2cf2) Importer(815301076,1909f56bfc062723c751e8b465ee728b)
Start importing Assets/UNInput/UNInput Manual.pdf using Guid(f0613360e81601142b758f9b6eac2cf2) Importer(815301076,1909f56bfc062723c751e8b465ee728b)  -> (artifact id: '8f833528b2f999a487a7703038a75829') in 0.005062 seconds 
  Import took 0.007352 seconds .

========================================================================
Received Prepare
Registering precompiled user dll's ...
Registered in 0.005748 seconds.
Begin MonoManager ReloadAssembly
Native extension for WindowsStandalone target not found
Refreshing native plugins compatible for Editor in 0.36 ms, found 2 plugins.
Preloading 0 native plugins for Editor in 0.00 ms.
Mono: successfully reloaded assembly
- Completed reload, in  0.934 seconds
Domain Reload Profiling:
	ReloadAssembly (935ms)
		BeginReloadAssembly (131ms)
			ExecutionOrderSort (0ms)
			DisableScriptedObjects (5ms)
			BackupInstance (0ms)
			ReleaseScriptingObjects (0ms)
			CreateAndSetChildDomain (30ms)
		EndReloadAssembly (751ms)
			LoadAssemblies (121ms)
			RebuildTransferFunctionScriptingTraits (0ms)
			SetupTypeCache (266ms)
			ReleaseScriptCaches (1ms)
			RebuildScriptCaches (42ms)
			SetupLoadedEditorAssemblies (269ms)
				LogAssemblyErrors (0ms)
				InitializePlatformSupportModulesInManaged (4ms)
				SetLoadedEditorAssemblies (0ms)
				RefreshPlugins (0ms)
				BeforeProcessingInitializeOnLoad (78ms)
				ProcessInitializeOnLoadAttributes (174ms)
				ProcessInitializeOnLoadMethodAttributes (9ms)
				AfterProcessingInitializeOnLoad (2ms)
				EditorAssembliesLoaded (0ms)
			ExecutionOrderSort2 (0ms)
			AwakeInstancesAfterBackupRestoration (6ms)
Platform modules already initialized, skipping
Refreshing native plugins compatible for Editor in 0.35 ms, found 2 plugins.
Preloading 0 native plugins for Editor in 0.00 ms.
Unloading 1529 Unused Serialized files (Serialized files now loaded: 0)
System memory in use before: 69.7 MB.
System memory in use after: 69.8 MB.

Unloading 15 unused Assets to reduce memory usage. Loaded Objects now: 1975.
Total: 2.440400 ms (FindLiveObjects: 0.128800 ms CreateObjectMapping: 0.060600 ms MarkObjects: 2.237900 ms  DeleteObjects: 0.012400 ms)

AssetImportParameters requested are different than current active one (requested -> active):
  custom:framework-win-MediaFoundation: 216162199b28c13a410421893ffa2e32 -> 
  custom:video-decoder-ogg-theora: a1e56fd34408186e4bbccfd4996cb3dc -> 
  custom:container-muxer-webm: aa71ff27fc2769a1b78a27578f13a17b -> 
  custom:container-demuxer-webm: 4f35f7cbe854078d1ac9338744f61a02 -> 
  custom:container-demuxer-ogg: 62fdf1f143b41e24485cea50d1cbac27 -> 
  custom:video-encoder-webm-vp8: eb34c28f22e8b96e1ab97ce403110664 -> 
  custom:video-codec-MediaFoundation-h265: 746d11721c4dcdbdad8f713fa42b33f4 -> 
  custom:video-decoder-webm-vp8: 9c59270c3fd7afecdb556c50c9e8de78 -> 
  custom:audio-decoder-ogg-vorbis: bf7c407c2cedff20999df2af8eb42d56 -> 
  custom:audio-encoder-webm-vorbis: bf7c407c2cedff20999df2af8eb42d56 -> 
========================================================================
Received Prepare
Registering precompiled user dll's ...
Registered in 0.005959 seconds.
Begin MonoManager ReloadAssembly
Native extension for WindowsStandalone target not found
Refreshing native plugins compatible for Editor in 0.40 ms, found 2 plugins.
Preloading 0 native plugins for Editor in 0.00 ms.
Mono: successfully reloaded assembly
- Completed reload, in  0.940 seconds
Domain Reload Profiling:
	ReloadAssembly (940ms)
		BeginReloadAssembly (131ms)
			ExecutionOrderSort (0ms)
			DisableScriptedObjects (4ms)
			BackupInstance (0ms)
			ReleaseScriptingObjects (0ms)
			CreateAndSetChildDomain (28ms)
		EndReloadAssembly (756ms)
			LoadAssemblies (115ms)
			RebuildTransferFunctionScriptingTraits (0ms)
			SetupTypeCache (272ms)
			ReleaseScriptCaches (1ms)
			RebuildScriptCaches (44ms)
			SetupLoadedEditorAssemblies (267ms)
				LogAssemblyErrors (0ms)
				InitializePlatformSupportModulesInManaged (4ms)
				SetLoadedEditorAssemblies (0ms)
				RefreshPlugins (0ms)
				BeforeProcessingInitializeOnLoad (78ms)
				ProcessInitializeOnLoadAttributes (172ms)
				ProcessInitializeOnLoadMethodAttributes (9ms)
				AfterProcessingInitializeOnLoad (2ms)
				EditorAssembliesLoaded (0ms)
			ExecutionOrderSort2 (0ms)
			AwakeInstancesAfterBackupRestoration (6ms)
Platform modules already initialized, skipping
Refreshing native plugins compatible for Editor in 0.37 ms, found 2 plugins.
Preloading 0 native plugins for Editor in 0.00 ms.
Unloading 1529 Unused Serialized files (Serialized files now loaded: 0)
System memory in use before: 69.7 MB.
System memory in use after: 69.8 MB.

Unloading 15 unused Assets to reduce memory usage. Loaded Objects now: 1977.
Total: 2.512400 ms (FindLiveObjects: 0.124400 ms CreateObjectMapping: 0.048300 ms MarkObjects: 2.325200 ms  DeleteObjects: 0.013600 ms)

AssetImportParameters requested are different than current active one (requested -> active):
  custom:framework-win-MediaFoundation: 216162199b28c13a410421893ffa2e32 -> 
  custom:video-decoder-ogg-theora: a1e56fd34408186e4bbccfd4996cb3dc -> 
  custom:container-muxer-webm: aa71ff27fc2769a1b78a27578f13a17b -> 
  custom:container-demuxer-webm: 4f35f7cbe854078d1ac9338744f61a02 -> 
  custom:container-demuxer-ogg: 62fdf1f143b41e24485cea50d1cbac27 -> 
  custom:video-encoder-webm-vp8: eb34c28f22e8b96e1ab97ce403110664 -> 
  custom:video-codec-MediaFoundation-h265: 746d11721c4dcdbdad8f713fa42b33f4 -> 
  custom:video-decoder-webm-vp8: 9c59270c3fd7afecdb556c50c9e8de78 -> 
  custom:audio-decoder-ogg-vorbis: bf7c407c2cedff20999df2af8eb42d56 -> 
  custom:audio-encoder-webm-vorbis: bf7c407c2cedff20999df2af8eb42d56 -> 
========================================================================
Received Prepare
Registering precompiled user dll's ...
Registered in 0.005928 seconds.
Begin MonoManager ReloadAssembly
Native extension for WindowsStandalone target not found
Refreshing native plugins compatible for Editor in 0.33 ms, found 2 plugins.
Preloading 0 native plugins for Editor in 0.00 ms.
Mono: successfully reloaded assembly
- Completed reload, in  1.016 seconds
Domain Reload Profiling:
	ReloadAssembly (1016ms)
		BeginReloadAssembly (125ms)
			ExecutionOrderSort (0ms)
			DisableScriptedObjects (5ms)
			BackupInstance (0ms)
			ReleaseScriptingObjects (0ms)
			CreateAndSetChildDomain (30ms)
		EndReloadAssembly (831ms)
			LoadAssemblies (112ms)
			RebuildTransferFunctionScriptingTraits (0ms)
			SetupTypeCache (281ms)
			ReleaseScriptCaches (1ms)
			RebuildScriptCaches (42ms)
			SetupLoadedEditorAssemblies (305ms)
				LogAssemblyErrors (0ms)
				InitializePlatformSupportModulesInManaged (5ms)
				SetLoadedEditorAssemblies (0ms)
				RefreshPlugins (0ms)
				BeforeProcessingInitializeOnLoad (91ms)
				ProcessInitializeOnLoadAttributes (197ms)
				ProcessInitializeOnLoadMethodAttributes (9ms)
				AfterProcessingInitializeOnLoad (3ms)
				EditorAssembliesLoaded (0ms)
			ExecutionOrderSort2 (0ms)
			AwakeInstancesAfterBackupRestoration (7ms)
Platform modules already initialized, skipping
Refreshing native plugins compatible for Editor in 0.32 ms, found 2 plugins.
Preloading 0 native plugins for Editor in 0.00 ms.
Unloading 1201 Unused Serialized files (Serialized files now loaded: 0)
System memory in use before: 63.2 MB.
System memory in use after: 63.3 MB.

Unloading 85 unused Assets to reduce memory usage. Loaded Objects now: 1909.
Total: 2.566300 ms (FindLiveObjects: 0.154400 ms CreateObjectMapping: 0.056300 ms MarkObjects: 2.317400 ms  DeleteObjects: 0.037200 ms)

AssetImportParameters requested are different than current active one (requested -> active):
  custom:framework-win-MediaFoundation: 216162199b28c13a410421893ffa2e32 -> 
  custom:video-decoder-ogg-theora: a1e56fd34408186e4bbccfd4996cb3dc -> 
  custom:container-muxer-webm: aa71ff27fc2769a1b78a27578f13a17b -> 
  custom:container-demuxer-webm: 4f35f7cbe854078d1ac9338744f61a02 -> 
  custom:container-demuxer-ogg: 62fdf1f143b41e24485cea50d1cbac27 -> 
  custom:video-encoder-webm-vp8: eb34c28f22e8b96e1ab97ce403110664 -> 
  custom:video-codec-MediaFoundation-h265: 746d11721c4dcdbdad8f713fa42b33f4 -> 
  custom:video-decoder-webm-vp8: 9c59270c3fd7afecdb556c50c9e8de78 -> 
  custom:audio-decoder-ogg-vorbis: bf7c407c2cedff20999df2af8eb42d56 -> 
  custom:audio-encoder-webm-vorbis: bf7c407c2cedff20999df2af8eb42d56 -> 
========================================================================
Received Prepare
Registering precompiled user dll's ...
Registered in 0.000833 seconds.
Begin MonoManager ReloadAssembly
Native extension for WindowsStandalone target not found
Refreshing native plugins compatible for Editor in 0.18 ms, found 0 plugins.
Preloading 0 native plugins for Editor in 0.00 ms.
Mono: successfully reloaded assembly
- Completed reload, in  0.849 seconds
Domain Reload Profiling:
	ReloadAssembly (849ms)
		BeginReloadAssembly (148ms)
			ExecutionOrderSort (0ms)
			DisableScriptedObjects (5ms)
			BackupInstance (0ms)
			ReleaseScriptingObjects (0ms)
			CreateAndSetChildDomain (32ms)
		EndReloadAssembly (632ms)
			LoadAssemblies (116ms)
			RebuildTransferFunctionScriptingTraits (0ms)
			SetupTypeCache (204ms)
			ReleaseScriptCaches (1ms)
			RebuildScriptCaches (46ms)
			SetupLoadedEditorAssemblies (194ms)
				LogAssemblyErrors (0ms)
				InitializePlatformSupportModulesInManaged (4ms)
				SetLoadedEditorAssemblies (0ms)
				RefreshPlugins (0ms)
				BeforeProcessingInitializeOnLoad (85ms)
				ProcessInitializeOnLoadAttributes (97ms)
				ProcessInitializeOnLoadMethodAttributes (5ms)
				AfterProcessingInitializeOnLoad (2ms)
				EditorAssembliesLoaded (0ms)
			ExecutionOrderSort2 (0ms)
			AwakeInstancesAfterBackupRestoration (7ms)
Platform modules already initialized, skipping
Refreshing native plugins compatible for Editor in 0.18 ms, found 0 plugins.
Preloading 0 native plugins for Editor in 0.00 ms.
Unloading 705 Unused Serialized files (Serialized files now loaded: 0)
System memory in use before: 52.5 MB.
System memory in use after: 52.6 MB.

Unloading 5 unused Assets to reduce memory usage. Loaded Objects now: 1911.
Total: 2.052400 ms (FindLiveObjects: 0.109000 ms CreateObjectMapping: 0.041300 ms MarkObjects: 1.890700 ms  DeleteObjects: 0.010800 ms)

AssetImportParameters requested are different than current active one (requested -> active):
  custom:framework-win-MediaFoundation: 216162199b28c13a410421893ffa2e32 -> 
  custom:video-decoder-ogg-theora: a1e56fd34408186e4bbccfd4996cb3dc -> 
  custom:container-muxer-webm: aa71ff27fc2769a1b78a27578f13a17b -> 
  custom:container-demuxer-webm: 4f35f7cbe854078d1ac9338744f61a02 -> 
  custom:container-demuxer-ogg: 62fdf1f143b41e24485cea50d1cbac27 -> 
  custom:video-encoder-webm-vp8: eb34c28f22e8b96e1ab97ce403110664 -> 
  custom:video-codec-MediaFoundation-h265: 746d11721c4dcdbdad8f713fa42b33f4 -> 
  custom:video-decoder-webm-vp8: 9c59270c3fd7afecdb556c50c9e8de78 -> 
  custom:audio-decoder-ogg-vorbis: bf7c407c2cedff20999df2af8eb42d56 -> 
  custom:audio-encoder-webm-vorbis: bf7c407c2cedff20999df2af8eb42d56 -> 
========================================================================
Received Import Request.
  Time since last request: 100.998136 seconds.
  path: Assets/UNInput/Examples/Simulator
  artifactKey: Guid(04eebf2191ffe6242a0c677fd735c6d3) Importer(815301076,1909f56bfc062723c751e8b465ee728b)
Start importing Assets/UNInput/Examples/Simulator using Guid(04eebf2191ffe6242a0c677fd735c6d3) Importer(815301076,1909f56bfc062723c751e8b465ee728b)  -> (artifact id: '52b68b72a0d1f05ea1a7f5aac1732c7a') in 0.005100 seconds 
  Import took 0.007276 seconds .

========================================================================
Received Prepare
Refreshing native plugins compatible for Editor in 1.23 ms, found 0 plugins.
Preloading 0 native plugins for Editor in 0.00 ms.
Unloading 3 Unused Serialized files (Serialized files now loaded: 0)
System memory in use before: 38.4 MB.
System memory in use after: 38.6 MB.

Unloading 3 unused Assets to reduce memory usage. Loaded Objects now: 1911.
Total: 2.554700 ms (FindLiveObjects: 0.128700 ms CreateObjectMapping: 0.048000 ms MarkObjects: 2.366000 ms  DeleteObjects: 0.011200 ms)

AssetImportParameters requested are different than current active one (requested -> active):
  custom:framework-win-MediaFoundation: 216162199b28c13a410421893ffa2e32 -> 
  custom:video-decoder-ogg-theora: a1e56fd34408186e4bbccfd4996cb3dc -> 
  custom:container-muxer-webm: aa71ff27fc2769a1b78a27578f13a17b -> 
  custom:container-demuxer-webm: 4f35f7cbe854078d1ac9338744f61a02 -> 
  custom:container-demuxer-ogg: 62fdf1f143b41e24485cea50d1cbac27 -> 
  custom:video-encoder-webm-vp8: eb34c28f22e8b96e1ab97ce403110664 -> 
  custom:video-codec-MediaFoundation-h265: 746d11721c4dcdbdad8f713fa42b33f4 -> 
  custom:video-decoder-webm-vp8: 9c59270c3fd7afecdb556c50c9e8de78 -> 
  custom:audio-decoder-ogg-vorbis: bf7c407c2cedff20999df2af8eb42d56 -> 
  custom:audio-encoder-webm-vorbis: bf7c407c2cedff20999df2af8eb42d56 -> 
========================================================================
Received Prepare
Refreshing native plugins compatible for Editor in 1.21 ms, found 0 plugins.
Preloading 0 native plugins for Editor in 0.00 ms.
Unloading 3 Unused Serialized files (Serialized files now loaded: 0)
System memory in use before: 38.5 MB.
System memory in use after: 38.6 MB.

Unloading 3 unused Assets to reduce memory usage. Loaded Objects now: 1911.
Total: 2.268700 ms (FindLiveObjects: 0.118900 ms CreateObjectMapping: 0.041500 ms MarkObjects: 2.098500 ms  DeleteObjects: 0.009100 ms)

AssetImportParameters requested are different than current active one (requested -> active):
  custom:framework-win-MediaFoundation: 216162199b28c13a410421893ffa2e32 -> 
  custom:video-decoder-ogg-theora: a1e56fd34408186e4bbccfd4996cb3dc -> 
  custom:container-muxer-webm: aa71ff27fc2769a1b78a27578f13a17b -> 
  custom:container-demuxer-webm: 4f35f7cbe854078d1ac9338744f61a02 -> 
  custom:container-demuxer-ogg: 62fdf1f143b41e24485cea50d1cbac27 -> 
  custom:video-encoder-webm-vp8: eb34c28f22e8b96e1ab97ce403110664 -> 
  custom:video-codec-MediaFoundation-h265: 746d11721c4dcdbdad8f713fa42b33f4 -> 
  custom:video-decoder-webm-vp8: 9c59270c3fd7afecdb556c50c9e8de78 -> 
  custom:audio-decoder-ogg-vorbis: bf7c407c2cedff20999df2af8eb42d56 -> 
  custom:audio-encoder-webm-vorbis: bf7c407c2cedff20999df2af8eb42d56 -> 
========================================================================
Received Prepare
Refreshing native plugins compatible for Editor in 1.02 ms, found 0 plugins.
Preloading 0 native plugins for Editor in 0.00 ms.
Unloading 3 Unused Serialized files (Serialized files now loaded: 0)
System memory in use before: 38.5 MB.
System memory in use after: 38.6 MB.

Unloading 3 unused Assets to reduce memory usage. Loaded Objects now: 1911.
Total: 2.108000 ms (FindLiveObjects: 0.114500 ms CreateObjectMapping: 0.039800 ms MarkObjects: 1.942500 ms  DeleteObjects: 0.010000 ms)

AssetImportParameters requested are different than current active one (requested -> active):
  custom:framework-win-MediaFoundation: 216162199b28c13a410421893ffa2e32 -> 
  custom:video-decoder-ogg-theora: a1e56fd34408186e4bbccfd4996cb3dc -> 
  custom:container-muxer-webm: aa71ff27fc2769a1b78a27578f13a17b -> 
  custom:container-demuxer-webm: 4f35f7cbe854078d1ac9338744f61a02 -> 
  custom:container-demuxer-ogg: 62fdf1f143b41e24485cea50d1cbac27 -> 
  custom:video-encoder-webm-vp8: eb34c28f22e8b96e1ab97ce403110664 -> 
  custom:video-codec-MediaFoundation-h265: 746d11721c4dcdbdad8f713fa42b33f4 -> 
  custom:video-decoder-webm-vp8: 9c59270c3fd7afecdb556c50c9e8de78 -> 
  custom:audio-decoder-ogg-vorbis: bf7c407c2cedff20999df2af8eb42d56 -> 
  custom:audio-encoder-webm-vorbis: bf7c407c2cedff20999df2af8eb42d56 -> 
========================================================================
Received Prepare
Registering precompiled user dll's ...
Registered in 0.000913 seconds.
Begin MonoManager ReloadAssembly
Native extension for WindowsStandalone target not found
Refreshing native plugins compatible for Editor in 0.20 ms, found 0 plugins.
Preloading 0 native plugins for Editor in 0.00 ms.
Mono: successfully reloaded assembly
- Completed reload, in  0.800 seconds
Domain Reload Profiling:
	ReloadAssembly (800ms)
		BeginReloadAssembly (126ms)
			ExecutionOrderSort (0ms)
			DisableScriptedObjects (5ms)
			BackupInstance (0ms)
			ReleaseScriptingObjects (0ms)
			CreateAndSetChildDomain (23ms)
		EndReloadAssembly (603ms)
			LoadAssemblies (106ms)
			RebuildTransferFunctionScriptingTraits (0ms)
			SetupTypeCache (176ms)
			ReleaseScriptCaches (0ms)
			RebuildScriptCaches (42ms)
			SetupLoadedEditorAssemblies (186ms)
				LogAssemblyErrors (0ms)
				InitializePlatformSupportModulesInManaged (4ms)
				SetLoadedEditorAssemblies (1ms)
				RefreshPlugins (0ms)
				BeforeProcessingInitializeOnLoad (84ms)
				ProcessInitializeOnLoadAttributes (91ms)
				ProcessInitializeOnLoadMethodAttributes (5ms)
				AfterProcessingInitializeOnLoad (2ms)
				EditorAssembliesLoaded (0ms)
			ExecutionOrderSort2 (0ms)
			AwakeInstancesAfterBackupRestoration (6ms)
Platform modules already initialized, skipping
Switching build target platform(19) subTarget(0) extendedPlatform(0) -> platform(13) subTarget(589824) extendedPlatform(0)
Refreshing native plugins compatible for Editor in 0.18 ms, found 0 plugins.
Preloading 0 native plugins for Editor in 0.00 ms.
Unloading 709 Unused Serialized files (Serialized files now loaded: 0)
System memory in use before: 52.5 MB.
System memory in use after: 52.6 MB.

Unloading 5 unused Assets to reduce memory usage. Loaded Objects now: 1913.
Total: 2.178000 ms (FindLiveObjects: 0.119600 ms CreateObjectMapping: 0.045200 ms MarkObjects: 1.998800 ms  DeleteObjects: 0.013500 ms)

AssetImportParameters requested are different than current active one (requested -> active):
  custom:framework-win-MediaFoundation: 216162199b28c13a410421893ffa2e32 -> 
  custom:video-decoder-ogg-theora: a1e56fd34408186e4bbccfd4996cb3dc -> 
  custom:container-muxer-webm: aa71ff27fc2769a1b78a27578f13a17b -> 
  custom:container-demuxer-webm: 4f35f7cbe854078d1ac9338744f61a02 -> 
  custom:container-demuxer-ogg: 62fdf1f143b41e24485cea50d1cbac27 -> 
  custom:video-encoder-webm-vp8: eb34c28f22e8b96e1ab97ce403110664 -> 
  custom:video-codec-MediaFoundation-h265: 746d11721c4dcdbdad8f713fa42b33f4 -> 
  custom:video-decoder-webm-vp8: 9c59270c3fd7afecdb556c50c9e8de78 -> 
  custom:graphics/normal-map-encoding: 01000000000000000000000000000000 -> 02000000000000000000000000000000
  custom:audio-decoder-ogg-vorbis: bf7c407c2cedff20999df2af8eb42d56 -> 
  custom:audio-encoder-webm-vorbis: bf7c407c2cedff20999df2af8eb42d56 -> 
========================================================================
Received Import Request.
  Time since last request: 108.900578 seconds.
  path: Assets/UNInput/Plugins/SetupInputManager.cs
  artifactKey: Guid(153ca9ad9abc7be4080323dca47b10da) Importer(815301076,1909f56bfc062723c751e8b465ee728b)
Start importing Assets/UNInput/Plugins/SetupInputManager.cs using Guid(153ca9ad9abc7be4080323dca47b10da) Importer(815301076,1909f56bfc062723c751e8b465ee728b)  -> (artifact id: 'be0043f0798cc13f9f71d902f5ef8e42') in 0.012026 seconds 
  Import took 0.014865 seconds .

========================================================================
Received Prepare
Registering precompiled user dll's ...
Registered in 0.001375 seconds.
Begin MonoManager ReloadAssembly
Native extension for WindowsStandalone target not found
Refreshing native plugins compatible for Editor in 0.17 ms, found 0 plugins.
Preloading 0 native plugins for Editor in 0.00 ms.
Mono: successfully reloaded assembly
- Completed reload, in  0.793 seconds
Domain Reload Profiling:
	ReloadAssembly (793ms)
		BeginReloadAssembly (137ms)
			ExecutionOrderSort (0ms)
			DisableScriptedObjects (5ms)
			BackupInstance (0ms)
			ReleaseScriptingObjects (0ms)
			CreateAndSetChildDomain (19ms)
		EndReloadAssembly (597ms)
			LoadAssemblies (113ms)
			RebuildTransferFunctionScriptingTraits (0ms)
			SetupTypeCache (176ms)
			ReleaseScriptCaches (1ms)
			RebuildScriptCaches (41ms)
			SetupLoadedEditorAssemblies (185ms)
				LogAssemblyErrors (0ms)
				InitializePlatformSupportModulesInManaged (4ms)
				SetLoadedEditorAssemblies (0ms)
				RefreshPlugins (0ms)
				BeforeProcessingInitializeOnLoad (80ms)
				ProcessInitializeOnLoadAttributes (93ms)
				ProcessInitializeOnLoadMethodAttributes (5ms)
				AfterProcessingInitializeOnLoad (2ms)
				EditorAssembliesLoaded (0ms)
			ExecutionOrderSort2 (0ms)
			AwakeInstancesAfterBackupRestoration (7ms)
Platform modules already initialized, skipping
Switching build target platform(19) subTarget(0) extendedPlatform(0) -> platform(13) subTarget(589824) extendedPlatform(0)
Refreshing native plugins compatible for Editor in 0.17 ms, found 0 plugins.
Preloading 0 native plugins for Editor in 0.00 ms.
Unloading 709 Unused Serialized files (Serialized files now loaded: 0)
System memory in use before: 52.6 MB.
System memory in use after: 52.7 MB.

Unloading 5 unused Assets to reduce memory usage. Loaded Objects now: 1915.
Total: 1.948100 ms (FindLiveObjects: 0.108500 ms CreateObjectMapping: 0.036200 ms MarkObjects: 1.792100 ms  DeleteObjects: 0.010600 ms)

AssetImportParameters requested are different than current active one (requested -> active):
  custom:framework-win-MediaFoundation: 216162199b28c13a410421893ffa2e32 -> 
  custom:video-decoder-ogg-theora: a1e56fd34408186e4bbccfd4996cb3dc -> 
  custom:container-muxer-webm: aa71ff27fc2769a1b78a27578f13a17b -> 
  custom:container-demuxer-webm: 4f35f7cbe854078d1ac9338744f61a02 -> 
  custom:container-demuxer-ogg: 62fdf1f143b41e24485cea50d1cbac27 -> 
  custom:video-encoder-webm-vp8: eb34c28f22e8b96e1ab97ce403110664 -> 
  custom:video-codec-MediaFoundation-h265: 746d11721c4dcdbdad8f713fa42b33f4 -> 
  custom:video-decoder-webm-vp8: 9c59270c3fd7afecdb556c50c9e8de78 -> 
  custom:graphics/normal-map-encoding: 01000000000000000000000000000000 -> 02000000000000000000000000000000
  custom:audio-decoder-ogg-vorbis: bf7c407c2cedff20999df2af8eb42d56 -> 
  custom:audio-encoder-webm-vorbis: bf7c407c2cedff20999df2af8eb42d56 -> 
========================================================================
Received Prepare
Refreshing native plugins compatible for Editor in 1.10 ms, found 0 plugins.
Preloading 0 native plugins for Editor in 0.00 ms.
Unloading 3 Unused Serialized files (Serialized files now loaded: 0)
System memory in use before: 38.5 MB.
System memory in use after: 38.6 MB.

Unloading 3 unused Assets to reduce memory usage. Loaded Objects now: 1915.
Total: 2.483900 ms (FindLiveObjects: 0.112400 ms CreateObjectMapping: 0.040400 ms MarkObjects: 2.316900 ms  DeleteObjects: 0.013200 ms)

AssetImportParameters requested are different than current active one (requested -> active):
  custom:framework-win-MediaFoundation: 216162199b28c13a410421893ffa2e32 -> 
  custom:video-decoder-ogg-theora: a1e56fd34408186e4bbccfd4996cb3dc -> 
  custom:container-muxer-webm: aa71ff27fc2769a1b78a27578f13a17b -> 
  custom:container-demuxer-webm: 4f35f7cbe854078d1ac9338744f61a02 -> 
  custom:container-demuxer-ogg: 62fdf1f143b41e24485cea50d1cbac27 -> 
  custom:video-encoder-webm-vp8: eb34c28f22e8b96e1ab97ce403110664 -> 
  custom:video-codec-MediaFoundation-h265: 746d11721c4dcdbdad8f713fa42b33f4 -> 
  custom:video-decoder-webm-vp8: 9c59270c3fd7afecdb556c50c9e8de78 -> 
  custom:audio-decoder-ogg-vorbis: bf7c407c2cedff20999df2af8eb42d56 -> 
  custom:audio-encoder-webm-vorbis: bf7c407c2cedff20999df2af8eb42d56 -> 
========================================================================
Received Import Request.
  Time since last request: 121.666043 seconds.
  path: Assets/UNInput/Examples/Mobile App/Scenes
  artifactKey: Guid(654e02eb1f17a0244809fa8e7f62b6c5) Importer(815301076,1909f56bfc062723c751e8b465ee728b)
Start importing Assets/UNInput/Examples/Mobile App/Scenes using Guid(654e02eb1f17a0244809fa8e7f62b6c5) Importer(815301076,1909f56bfc062723c751e8b465ee728b)  -> (artifact id: '93e5eed636d968e1ebfcd6f460a5e540') in 0.005029 seconds 
  Import took 0.007446 seconds .

========================================================================
Received Import Request.
  Time since last request: 0.178913 seconds.
  path: Assets/UNInput/Examples/Mobile App/Sprites
  artifactKey: Guid(92992ea7bd0426647bd98511b197f40a) Importer(815301076,1909f56bfc062723c751e8b465ee728b)
Start importing Assets/UNInput/Examples/Mobile App/Sprites using Guid(92992ea7bd0426647bd98511b197f40a) Importer(815301076,1909f56bfc062723c751e8b465ee728b)  -> (artifact id: '2cb74d3ee17b930e42e6519b07c2a1dd') in 0.005942 seconds 
  Import took 0.008139 seconds .

========================================================================
Received Import Request.
  Time since last request: 4.728565 seconds.
  path: Assets/UNInput
  artifactKey: Guid(787d7fd169442114bb5a6a1940e2e145) Importer(815301076,1909f56bfc062723c751e8b465ee728b)
Start importing Assets/UNInput using Guid(787d7fd169442114bb5a6a1940e2e145) Importer(815301076,1909f56bfc062723c751e8b465ee728b)  -> (artifact id: 'cd224f7671f256cfd0d8a73bd72ac76c') in 0.003117 seconds 
  Import took 0.005564 seconds .

========================================================================
Received Import Request.
  Time since last request: 1.020297 seconds.
  path: Assets/Resources/Bundles/Bundles
  artifactKey: Guid(419d9601baef04e43ba02b2f6f2bb81c) Importer(815301076,1909f56bfc062723c751e8b465ee728b)
Start importing Assets/Resources/Bundles/Bundles using Guid(419d9601baef04e43ba02b2f6f2bb81c) Importer(815301076,1909f56bfc062723c751e8b465ee728b)  -> (artifact id: 'f51ecda99717da7d18cc155ee972b493') in 0.014456 seconds 
  Import took 0.017399 seconds .

========================================================================
Received Import Request.
  Time since last request: 0.219831 seconds.
  path: Assets/Resources/Bundles/Bundles.manifest
  artifactKey: Guid(077894f212e9e844a809d1e35d6b8ba0) Importer(815301076,1909f56bfc062723c751e8b465ee728b)
Start importing Assets/Resources/Bundles/Bundles.manifest using Guid(077894f212e9e844a809d1e35d6b8ba0) Importer(815301076,1909f56bfc062723c751e8b465ee728b)  -> (artifact id: 'cc51a92730cdc7e5c112a26549396b4a') in 0.005995 seconds 
  Import took 0.009061 seconds .

========================================================================
Received Import Request.
  Time since last request: 1.171250 seconds.
  path: Assets/Resources/Bundles/uninputbundle.bytes
  artifactKey: Guid(ff0a3b226e2d0a44887cbb5bec2b0a22) Importer(815301076,1909f56bfc062723c751e8b465ee728b)
Start importing Assets/Resources/Bundles/uninputbundle.bytes using Guid(ff0a3b226e2d0a44887cbb5bec2b0a22) Importer(815301076,1909f56bfc062723c751e8b465ee728b)  -> (artifact id: 'ced5e20eec07f173b068fcc2614df2a6') in 0.007375 seconds 
  Import took 0.010278 seconds .

========================================================================
Received Import Request.
  Time since last request: 0.245759 seconds.
  path: Assets/Resources/UNServerPrefs.asset
  artifactKey: Guid(001a7b21ae2befb4282534dd9e73c1e4) Importer(815301076,1909f56bfc062723c751e8b465ee728b)
Start importing Assets/Resources/UNServerPrefs.asset using Guid(001a7b21ae2befb4282534dd9e73c1e4) Importer(815301076,1909f56bfc062723c751e8b465ee728b)  -> (artifact id: '100fb69d1bd925511318bf2e48d92035') in 0.031860 seconds 
  Import took 0.034708 seconds .

========================================================================
Received Import Request.
  Time since last request: 11.192119 seconds.
  path: Assets/Icons
  artifactKey: Guid(c6407e30ad6a8b34181f5ec384d0e9c8) Importer(815301076,1909f56bfc062723c751e8b465ee728b)
Start importing Assets/Icons using Guid(c6407e30ad6a8b34181f5ec384d0e9c8) Importer(815301076,1909f56bfc062723c751e8b465ee728b)  -> (artifact id: '63bf5ab522c3602acc47cb01b4fbf23b') in 0.003743 seconds 
  Import took 0.006314 seconds .

========================================================================
Received Import Request.
  Time since last request: 10.364856 seconds.
  path: Assets/UNInput/Examples/Mobile App/Scenes/ClientScene.unity
  artifactKey: Guid(6f8f565314af4ad4a844a8811a20cdbe) Importer(815301076,1909f56bfc062723c751e8b465ee728b)
Start importing Assets/UNInput/Examples/Mobile App/Scenes/ClientScene.unity using Guid(6f8f565314af4ad4a844a8811a20cdbe) Importer(815301076,1909f56bfc062723c751e8b465ee728b)  -> (artifact id: 'cec42a1e79702de58f348ebf7704d1b6') in 0.003853 seconds 
  Import took 0.006235 seconds .

========================================================================
Received Prepare
Refreshing native plugins compatible for Editor in 1.05 ms, found 0 plugins.
Preloading 0 native plugins for Editor in 0.00 ms.
Unloading 3 Unused Serialized files (Serialized files now loaded: 0)
System memory in use before: 39.0 MB.
System memory in use after: 39.1 MB.

Unloading 3 unused Assets to reduce memory usage. Loaded Objects now: 1915.
Total: 2.968100 ms (FindLiveObjects: 0.184600 ms CreateObjectMapping: 0.048900 ms MarkObjects: 2.721000 ms  DeleteObjects: 0.012600 ms)

AssetImportParameters requested are different than current active one (requested -> active):
  custom:framework-win-MediaFoundation: 216162199b28c13a410421893ffa2e32 -> 
  custom:video-decoder-ogg-theora: a1e56fd34408186e4bbccfd4996cb3dc -> 
  custom:container-muxer-webm: aa71ff27fc2769a1b78a27578f13a17b -> 
  custom:container-demuxer-webm: 4f35f7cbe854078d1ac9338744f61a02 -> 
  custom:container-demuxer-ogg: 62fdf1f143b41e24485cea50d1cbac27 -> 
  custom:video-encoder-webm-vp8: eb34c28f22e8b96e1ab97ce403110664 -> 
  custom:video-codec-MediaFoundation-h265: 746d11721c4dcdbdad8f713fa42b33f4 -> 
  custom:video-decoder-webm-vp8: 9c59270c3fd7afecdb556c50c9e8de78 -> 
  custom:audio-decoder-ogg-vorbis: bf7c407c2cedff20999df2af8eb42d56 -> 
  custom:audio-encoder-webm-vorbis: bf7c407c2cedff20999df2af8eb42d56 -> 
========================================================================
Received Prepare
Refreshing native plugins compatible for Editor in 1.11 ms, found 0 plugins.
Preloading 0 native plugins for Editor in 0.00 ms.
Unloading 3 Unused Serialized files (Serialized files now loaded: 0)
System memory in use before: 39.0 MB.
System memory in use after: 39.1 MB.

Unloading 3 unused Assets to reduce memory usage. Loaded Objects now: 1915.
Total: 2.672600 ms (FindLiveObjects: 0.118100 ms CreateObjectMapping: 0.043000 ms MarkObjects: 2.498800 ms  DeleteObjects: 0.011900 ms)

AssetImportParameters requested are different than current active one (requested -> active):
  custom:framework-win-MediaFoundation: 216162199b28c13a410421893ffa2e32 -> 
  custom:video-decoder-ogg-theora: a1e56fd34408186e4bbccfd4996cb3dc -> 
  custom:container-muxer-webm: aa71ff27fc2769a1b78a27578f13a17b -> 
  custom:container-demuxer-webm: 4f35f7cbe854078d1ac9338744f61a02 -> 
  custom:container-demuxer-ogg: 62fdf1f143b41e24485cea50d1cbac27 -> 
  custom:video-encoder-webm-vp8: eb34c28f22e8b96e1ab97ce403110664 -> 
  custom:video-codec-MediaFoundation-h265: 746d11721c4dcdbdad8f713fa42b33f4 -> 
  custom:video-decoder-webm-vp8: 9c59270c3fd7afecdb556c50c9e8de78 -> 
  custom:audio-decoder-ogg-vorbis: bf7c407c2cedff20999df2af8eb42d56 -> 
  custom:audio-encoder-webm-vorbis: bf7c407c2cedff20999df2af8eb42d56 -> 
========================================================================
Received Prepare
Refreshing native plugins compatible for Editor in 1.04 ms, found 0 plugins.
Preloading 0 native plugins for Editor in 0.00 ms.
Unloading 3 Unused Serialized files (Serialized files now loaded: 0)
System memory in use before: 39.0 MB.
System memory in use after: 39.1 MB.

Unloading 3 unused Assets to reduce memory usage. Loaded Objects now: 1915.
Total: 2.786100 ms (FindLiveObjects: 0.126800 ms CreateObjectMapping: 0.051900 ms MarkObjects: 2.595300 ms  DeleteObjects: 0.011300 ms)

AssetImportParameters requested are different than current active one (requested -> active):
  custom:framework-win-MediaFoundation: 216162199b28c13a410421893ffa2e32 -> 
  custom:video-decoder-ogg-theora: a1e56fd34408186e4bbccfd4996cb3dc -> 
  custom:container-muxer-webm: aa71ff27fc2769a1b78a27578f13a17b -> 
  custom:container-demuxer-webm: 4f35f7cbe854078d1ac9338744f61a02 -> 
  custom:container-demuxer-ogg: 62fdf1f143b41e24485cea50d1cbac27 -> 
  custom:video-encoder-webm-vp8: eb34c28f22e8b96e1ab97ce403110664 -> 
  custom:video-codec-MediaFoundation-h265: 746d11721c4dcdbdad8f713fa42b33f4 -> 
  custom:video-decoder-webm-vp8: 9c59270c3fd7afecdb556c50c9e8de78 -> 
  custom:audio-decoder-ogg-vorbis: bf7c407c2cedff20999df2af8eb42d56 -> 
  custom:audio-encoder-webm-vorbis: bf7c407c2cedff20999df2af8eb42d56 -> 
========================================================================
Received Prepare
Refreshing native plugins compatible for Editor in 1.48 ms, found 0 plugins.
Preloading 0 native plugins for Editor in 0.00 ms.
Unloading 3 Unused Serialized files (Serialized files now loaded: 0)
System memory in use before: 39.0 MB.
System memory in use after: 39.1 MB.

Unloading 3 unused Assets to reduce memory usage. Loaded Objects now: 1915.
Total: 2.972200 ms (FindLiveObjects: 0.171600 ms CreateObjectMapping: 0.099500 ms MarkObjects: 2.684900 ms  DeleteObjects: 0.015100 ms)

AssetImportParameters requested are different than current active one (requested -> active):
  custom:framework-win-MediaFoundation: 216162199b28c13a410421893ffa2e32 -> 
  custom:video-decoder-ogg-theora: a1e56fd34408186e4bbccfd4996cb3dc -> 
  custom:container-muxer-webm: aa71ff27fc2769a1b78a27578f13a17b -> 
  custom:container-demuxer-webm: 4f35f7cbe854078d1ac9338744f61a02 -> 
  custom:container-demuxer-ogg: 62fdf1f143b41e24485cea50d1cbac27 -> 
  custom:video-encoder-webm-vp8: eb34c28f22e8b96e1ab97ce403110664 -> 
  custom:video-codec-MediaFoundation-h265: 746d11721c4dcdbdad8f713fa42b33f4 -> 
  custom:video-decoder-webm-vp8: 9c59270c3fd7afecdb556c50c9e8de78 -> 
  custom:audio-decoder-ogg-vorbis: bf7c407c2cedff20999df2af8eb42d56 -> 
  custom:audio-encoder-webm-vorbis: bf7c407c2cedff20999df2af8eb42d56 -> 
========================================================================
Received Prepare
Refreshing native plugins compatible for Editor in 1.75 ms, found 0 plugins.
Preloading 0 native plugins for Editor in 0.00 ms.
Unloading 3 Unused Serialized files (Serialized files now loaded: 0)
System memory in use before: 39.0 MB.
System memory in use after: 39.1 MB.

Unloading 3 unused Assets to reduce memory usage. Loaded Objects now: 1915.
Total: 4.665900 ms (FindLiveObjects: 0.184800 ms CreateObjectMapping: 0.048800 ms MarkObjects: 4.408900 ms  DeleteObjects: 0.021800 ms)

AssetImportParameters requested are different than current active one (requested -> active):
  custom:framework-win-MediaFoundation: 216162199b28c13a410421893ffa2e32 -> 
  custom:video-decoder-ogg-theora: a1e56fd34408186e4bbccfd4996cb3dc -> 
  custom:container-muxer-webm: aa71ff27fc2769a1b78a27578f13a17b -> 
  custom:container-demuxer-webm: 4f35f7cbe854078d1ac9338744f61a02 -> 
  custom:container-demuxer-ogg: 62fdf1f143b41e24485cea50d1cbac27 -> 
  custom:video-encoder-webm-vp8: eb34c28f22e8b96e1ab97ce403110664 -> 
  custom:video-codec-MediaFoundation-h265: 746d11721c4dcdbdad8f713fa42b33f4 -> 
  custom:video-decoder-webm-vp8: 9c59270c3fd7afecdb556c50c9e8de78 -> 
  custom:audio-decoder-ogg-vorbis: bf7c407c2cedff20999df2af8eb42d56 -> 
  custom:audio-encoder-webm-vorbis: bf7c407c2cedff20999df2af8eb42d56 -> 
========================================================================
Received Prepare
Registering precompiled user dll's ...
Registered in 0.000834 seconds.
Begin MonoManager ReloadAssembly
Native extension for WindowsStandalone target not found
Refreshing native plugins compatible for Editor in 0.19 ms, found 0 plugins.
Preloading 0 native plugins for Editor in 0.00 ms.
Mono: successfully reloaded assembly
- Completed reload, in  0.764 seconds
Domain Reload Profiling:
	ReloadAssembly (765ms)
		BeginReloadAssembly (126ms)
			ExecutionOrderSort (0ms)
			DisableScriptedObjects (5ms)
			BackupInstance (0ms)
			ReleaseScriptingObjects (0ms)
			CreateAndSetChildDomain (18ms)
		EndReloadAssembly (579ms)
			LoadAssemblies (102ms)
			RebuildTransferFunctionScriptingTraits (0ms)
			SetupTypeCache (177ms)
			ReleaseScriptCaches (0ms)
			RebuildScriptCaches (38ms)
			SetupLoadedEditorAssemblies (196ms)
				LogAssemblyErrors (0ms)
				InitializePlatformSupportModulesInManaged (4ms)
				SetLoadedEditorAssemblies (0ms)
				RefreshPlugins (0ms)
				BeforeProcessingInitializeOnLoad (79ms)
				ProcessInitializeOnLoadAttributes (104ms)
				ProcessInitializeOnLoadMethodAttributes (5ms)
				AfterProcessingInitializeOnLoad (2ms)
				EditorAssembliesLoaded (0ms)
			ExecutionOrderSort2 (0ms)
			AwakeInstancesAfterBackupRestoration (7ms)
Platform modules already initialized, skipping
Refreshing native plugins compatible for Editor in 0.18 ms, found 0 plugins.
Preloading 0 native plugins for Editor in 0.00 ms.
Unloading 705 Unused Serialized files (Serialized files now loaded: 0)
System memory in use before: 52.5 MB.
System memory in use after: 52.6 MB.

Unloading 5 unused Assets to reduce memory usage. Loaded Objects now: 1917.
Total: 2.186700 ms (FindLiveObjects: 0.109000 ms CreateObjectMapping: 0.038400 ms MarkObjects: 2.026200 ms  DeleteObjects: 0.011800 ms)

AssetImportParameters requested are different than current active one (requested -> active):
  custom:framework-win-MediaFoundation: 216162199b28c13a410421893ffa2e32 -> 
  custom:video-decoder-ogg-theora: a1e56fd34408186e4bbccfd4996cb3dc -> 
  custom:container-muxer-webm: aa71ff27fc2769a1b78a27578f13a17b -> 
  custom:container-demuxer-webm: 4f35f7cbe854078d1ac9338744f61a02 -> 
  custom:container-demuxer-ogg: 62fdf1f143b41e24485cea50d1cbac27 -> 
  custom:video-encoder-webm-vp8: eb34c28f22e8b96e1ab97ce403110664 -> 
  custom:video-codec-MediaFoundation-h265: 746d11721c4dcdbdad8f713fa42b33f4 -> 
  custom:video-decoder-webm-vp8: 9c59270c3fd7afecdb556c50c9e8de78 -> 
  custom:audio-decoder-ogg-vorbis: bf7c407c2cedff20999df2af8eb42d56 -> 
  custom:audio-encoder-webm-vorbis: bf7c407c2cedff20999df2af8eb42d56 -> 
========================================================================
Received Prepare
Refreshing native plugins compatible for Editor in 1.09 ms, found 0 plugins.
Preloading 0 native plugins for Editor in 0.00 ms.
Unloading 3 Unused Serialized files (Serialized files now loaded: 0)
System memory in use before: 38.5 MB.
System memory in use after: 38.6 MB.

Unloading 3 unused Assets to reduce memory usage. Loaded Objects now: 1917.
Total: 3.926600 ms (FindLiveObjects: 0.119100 ms CreateObjectMapping: 0.047300 ms MarkObjects: 3.746600 ms  DeleteObjects: 0.012200 ms)

AssetImportParameters requested are different than current active one (requested -> active):
  custom:framework-win-MediaFoundation: 216162199b28c13a410421893ffa2e32 -> 
  custom:video-decoder-ogg-theora: a1e56fd34408186e4bbccfd4996cb3dc -> 
  custom:container-muxer-webm: aa71ff27fc2769a1b78a27578f13a17b -> 
  custom:container-demuxer-webm: 4f35f7cbe854078d1ac9338744f61a02 -> 
  custom:container-demuxer-ogg: 62fdf1f143b41e24485cea50d1cbac27 -> 
  custom:video-encoder-webm-vp8: eb34c28f22e8b96e1ab97ce403110664 -> 
  custom:video-codec-MediaFoundation-h265: 746d11721c4dcdbdad8f713fa42b33f4 -> 
  custom:video-decoder-webm-vp8: 9c59270c3fd7afecdb556c50c9e8de78 -> 
  custom:audio-decoder-ogg-vorbis: bf7c407c2cedff20999df2af8eb42d56 -> 
  custom:audio-encoder-webm-vorbis: bf7c407c2cedff20999df2af8eb42d56 -> 
========================================================================
Received Import Request.
  Time since last request: 1729.156778 seconds.
  path: Assets/Plugins/IngameDebugConsole/Scripts
  artifactKey: Guid(860c08388401a6d4e858fe4910ea9337) Importer(815301076,1909f56bfc062723c751e8b465ee728b)
Start importing Assets/Plugins/IngameDebugConsole/Scripts using Guid(860c08388401a6d4e858fe4910ea9337) Importer(815301076,1909f56bfc062723c751e8b465ee728b)  -> (artifact id: '92ef556d9a90130dc8ef135df8dbfafe') in 0.016315 seconds 
  Import took 0.018739 seconds .

========================================================================
Received Import Request.
  Time since last request: 0.515474 seconds.
  path: Assets/Plugins/IngameDebugConsole/Prefabs
  artifactKey: Guid(7dbc36665bc0d684db9a4447e27a7a4b) Importer(815301076,1909f56bfc062723c751e8b465ee728b)
Start importing Assets/Plugins/IngameDebugConsole/Prefabs using Guid(7dbc36665bc0d684db9a4447e27a7a4b) Importer(815301076,1909f56bfc062723c751e8b465ee728b)  -> (artifact id: '4af3e81b6d66132b772e65c5ef640bac') in 0.002878 seconds 
  Import took 0.005230 seconds .

========================================================================
Received Import Request.
  Time since last request: 0.150301 seconds.
  path: Assets/Plugins/IngameDebugConsole/Android
  artifactKey: Guid(3d7d7a61a5341904eb3c65af025b1d86) Importer(815301076,1909f56bfc062723c751e8b465ee728b)
Start importing Assets/Plugins/IngameDebugConsole/Android using Guid(3d7d7a61a5341904eb3c65af025b1d86) Importer(815301076,1909f56bfc062723c751e8b465ee728b)  -> (artifact id: 'ab3334acaf381cd80d2ca05269a5f1c6') in 0.003577 seconds 
  Import took 0.005785 seconds .

========================================================================
Received Import Request.
  Time since last request: 0.189019 seconds.
  path: Assets/Plugins/IngameDebugConsole
  artifactKey: Guid(14fcf95322254ec44a156544e4e90a3b) Importer(815301076,1909f56bfc062723c751e8b465ee728b)
Start importing Assets/Plugins/IngameDebugConsole using Guid(14fcf95322254ec44a156544e4e90a3b) Importer(815301076,1909f56bfc062723c751e8b465ee728b)  -> (artifact id: '8bd9aedb530ac1493c6567ff937bc723') in 0.003711 seconds 
  Import took 0.005871 seconds .

========================================================================
Received Import Request.
  Time since last request: 2.983758 seconds.
  path: Assets/UNInput/Examples/Server/Server.unity
  artifactKey: Guid(e78e8674f52a65643b3fc707948a9988) Importer(815301076,1909f56bfc062723c751e8b465ee728b)
Start importing Assets/UNInput/Examples/Server/Server.unity using Guid(e78e8674f52a65643b3fc707948a9988) Importer(815301076,1909f56bfc062723c751e8b465ee728b)  -> (artifact id: 'bc5ee8978acac7a394ea3d0ee8ef4b4f') in 0.013663 seconds 
  Import took 0.015917 seconds .

========================================================================
Received Import Request.
  Time since last request: 49.114057 seconds.
  path: Assets/UNInput/Examples/Mobile App/Prefabs/Virtual Input Control.prefab
  artifactKey: Guid(5f96ffca1650f78448f1679d84955ccf) Importer(815301076,1909f56bfc062723c751e8b465ee728b)
Start importing Assets/UNInput/Examples/Mobile App/Prefabs/Virtual Input Control.prefab using Guid(5f96ffca1650f78448f1679d84955ccf) Importer(815301076,1909f56bfc062723c751e8b465ee728b)  -> (artifact id: '27e45f1d45d9066495e34842828ffd63') in 0.055397 seconds 
  Import took 0.057703 seconds .

========================================================================
Received Import Request.
  Time since last request: 1.470884 seconds.
  path: Assets/UNInput/Examples/Mobile App/Prefabs/UNInput App Menu.prefab
  artifactKey: Guid(3dc8928a4ffa49548b7100cd93164336) Importer(815301076,1909f56bfc062723c751e8b465ee728b)
Start importing Assets/UNInput/Examples/Mobile App/Prefabs/UNInput App Menu.prefab using Guid(3dc8928a4ffa49548b7100cd93164336) Importer(815301076,1909f56bfc062723c751e8b465ee728b)  -> (artifact id: '29a23b4c84801c77b1486968a38a95e8') in 0.023181 seconds 
  Import took 0.025665 seconds .

========================================================================
Received Prepare
Registering precompiled user dll's ...
Registered in 0.000821 seconds.
Begin MonoManager ReloadAssembly
Native extension for WindowsStandalone target not found
Refreshing native plugins compatible for Editor in 0.22 ms, found 0 plugins.
Preloading 0 native plugins for Editor in 0.00 ms.
Mono: successfully reloaded assembly
- Completed reload, in  0.694 seconds
Domain Reload Profiling:
	ReloadAssembly (694ms)
		BeginReloadAssembly (121ms)
			ExecutionOrderSort (0ms)
			DisableScriptedObjects (5ms)
			BackupInstance (0ms)
			ReleaseScriptingObjects (0ms)
			CreateAndSetChildDomain (19ms)
		EndReloadAssembly (517ms)
			LoadAssemblies (100ms)
			RebuildTransferFunctionScriptingTraits (0ms)
			SetupTypeCache (150ms)
			ReleaseScriptCaches (0ms)
			RebuildScriptCaches (35ms)
			SetupLoadedEditorAssemblies (174ms)
				LogAssemblyErrors (0ms)
				InitializePlatformSupportModulesInManaged (4ms)
				SetLoadedEditorAssemblies (0ms)
				RefreshPlugins (0ms)
				BeforeProcessingInitializeOnLoad (74ms)
				ProcessInitializeOnLoadAttributes (88ms)
				ProcessInitializeOnLoadMethodAttributes (4ms)
				AfterProcessingInitializeOnLoad (2ms)
				EditorAssembliesLoaded (0ms)
			ExecutionOrderSort2 (0ms)
			AwakeInstancesAfterBackupRestoration (7ms)
Platform modules already initialized, skipping
Refreshing native plugins compatible for Editor in 0.17 ms, found 0 plugins.
Preloading 0 native plugins for Editor in 0.00 ms.
Unloading 705 Unused Serialized files (Serialized files now loaded: 0)
System memory in use before: 52.6 MB.
System memory in use after: 52.7 MB.

Unloading 8 unused Assets to reduce memory usage. Loaded Objects now: 1921.
Total: 2.261900 ms (FindLiveObjects: 0.128400 ms CreateObjectMapping: 0.046500 ms MarkObjects: 2.063800 ms  DeleteObjects: 0.022400 ms)

AssetImportParameters requested are different than current active one (requested -> active):
  custom:framework-win-MediaFoundation: 216162199b28c13a410421893ffa2e32 -> 
  custom:video-decoder-ogg-theora: a1e56fd34408186e4bbccfd4996cb3dc -> 
  custom:container-muxer-webm: aa71ff27fc2769a1b78a27578f13a17b -> 
  custom:container-demuxer-webm: 4f35f7cbe854078d1ac9338744f61a02 -> 
  custom:container-demuxer-ogg: 62fdf1f143b41e24485cea50d1cbac27 -> 
  custom:video-encoder-webm-vp8: eb34c28f22e8b96e1ab97ce403110664 -> 
  custom:video-codec-MediaFoundation-h265: 746d11721c4dcdbdad8f713fa42b33f4 -> 
  custom:video-decoder-webm-vp8: 9c59270c3fd7afecdb556c50c9e8de78 -> 
  custom:audio-decoder-ogg-vorbis: bf7c407c2cedff20999df2af8eb42d56 -> 
  custom:audio-encoder-webm-vorbis: bf7c407c2cedff20999df2af8eb42d56 -> 
========================================================================
Received Prepare
Registering precompiled user dll's ...
Registered in 0.000834 seconds.
Begin MonoManager ReloadAssembly
Native extension for WindowsStandalone target not found
Refreshing native plugins compatible for Editor in 0.17 ms, found 0 plugins.
Preloading 0 native plugins for Editor in 0.00 ms.
Mono: successfully reloaded assembly
- Completed reload, in  0.691 seconds
Domain Reload Profiling:
	ReloadAssembly (692ms)
		BeginReloadAssembly (110ms)
			ExecutionOrderSort (0ms)
			DisableScriptedObjects (5ms)
			BackupInstance (0ms)
			ReleaseScriptingObjects (0ms)
			CreateAndSetChildDomain (16ms)
		EndReloadAssembly (528ms)
			LoadAssemblies (98ms)
			RebuildTransferFunctionScriptingTraits (0ms)
			SetupTypeCache (163ms)
			ReleaseScriptCaches (0ms)
			RebuildScriptCaches (36ms)
			SetupLoadedEditorAssemblies (173ms)
				LogAssemblyErrors (0ms)
				InitializePlatformSupportModulesInManaged (4ms)
				SetLoadedEditorAssemblies (0ms)
				RefreshPlugins (0ms)
				BeforeProcessingInitializeOnLoad (74ms)
				ProcessInitializeOnLoadAttributes (87ms)
				ProcessInitializeOnLoadMethodAttributes (4ms)
				AfterProcessingInitializeOnLoad (2ms)
				EditorAssembliesLoaded (0ms)
			ExecutionOrderSort2 (0ms)
			AwakeInstancesAfterBackupRestoration (6ms)
Platform modules already initialized, skipping
Refreshing native plugins compatible for Editor in 0.18 ms, found 0 plugins.
Preloading 0 native plugins for Editor in 0.00 ms.
Unloading 705 Unused Serialized files (Serialized files now loaded: 0)
System memory in use before: 52.6 MB.
System memory in use after: 52.7 MB.

Unloading 5 unused Assets to reduce memory usage. Loaded Objects now: 1923.
Total: 2.036800 ms (FindLiveObjects: 0.106700 ms CreateObjectMapping: 0.037000 ms MarkObjects: 1.882400 ms  DeleteObjects: 0.009900 ms)

AssetImportParameters requested are different than current active one (requested -> active):
  custom:framework-win-MediaFoundation: 216162199b28c13a410421893ffa2e32 -> 
  custom:video-decoder-ogg-theora: a1e56fd34408186e4bbccfd4996cb3dc -> 
  custom:container-muxer-webm: aa71ff27fc2769a1b78a27578f13a17b -> 
  custom:container-demuxer-webm: 4f35f7cbe854078d1ac9338744f61a02 -> 
  custom:container-demuxer-ogg: 62fdf1f143b41e24485cea50d1cbac27 -> 
  custom:video-encoder-webm-vp8: eb34c28f22e8b96e1ab97ce403110664 -> 
  custom:video-codec-MediaFoundation-h265: 746d11721c4dcdbdad8f713fa42b33f4 -> 
  custom:video-decoder-webm-vp8: 9c59270c3fd7afecdb556c50c9e8de78 -> 
  custom:audio-decoder-ogg-vorbis: bf7c407c2cedff20999df2af8eb42d56 -> 
  custom:audio-encoder-webm-vorbis: bf7c407c2cedff20999df2af8eb42d56 -> 
AssetImportWorkerClient::OnTransportError - code=2 error=End of file
